#
# A fatal error has been detected by the Java Runtime Environment:
#
#  SIGSEGV (0xb) at pc=0x00000001067bed68, pid=2410, tid=0x0000000000004f03
#
# JRE version: Java(TM) SE Runtime Environment (8.0_101-b13) (build 1.8.0_101-b13)
# Java VM: Java HotSpot(TM) 64-Bit Server VM (25.101-b13 mixed mode bsd-amd64 compressed oops)
# Problematic frame:
# C  [libjdwp.dylib+0x21d68]  jvmtiAllocate+0x1d
#
# Failed to write core dump. Core dumps have been disabled. To enable core dumping, try "ulimit -c unlimited" before starting Java again
#
# If you would like to submit a bug report, please visit:
#   http://bugreport.java.com/bugreport/crash.jsp
# The crash happened outside the Java Virtual Machine in native code.
# See problematic frame for where to report the bug.
#

---------------  T H R E A D  ---------------

Current thread (0x00007fccb481e800):  JavaThread "JDWP Command Reader" daemon [_thread_in_native, id=20227, stack(0x000070000f33e000,0x000070000f43e000)]

siginfo: si_signo: 11 (SIGSEGV), si_code: 1 (SEGV_MAPERR), si_addr: 0x0000000000000000

Registers:
RAX=0x0000000000000000, RBX=0x000000010c1bd38a, RCX=0x0000000000000009, RDX=0x000070000f43db49
RSP=0x000070000f43db00, RBP=0x000070000f43db30, RSI=0x000000000000f000, RDI=0x0000000000000022
R8 =0x000070000f43db49, R9 =0x0000000000000000, R10=0x000000000000002e, R11=0x00007fffe348f9d6
R12=0x00000001067c4e7a, R13=0x00007fccb3c98b40, R14=0x000000000000000a, R15=0x00000001067c3891
RIP=0x00000001067bed68, EFLAGS=0x0000000000010206, ERR=0x0000000000000004
  TRAPNO=0x000000000000000e

Top of Stack: (sp=0x000070000f43db00)
0x000070000f43db00:   0000000000000004 ffffffffffffffe7
0x000070000f43db10:   0000000000000000 0000000000000107
0x000070000f43db20:   000000010c1bd38a 000000000000000a
0x000070000f43db30:   000070000f43dc60 000000010c1bc792
0x000070000f43db40:   0000000000000000 6c69662064614268
0x000070000f43db50:   6972637365642065 00000000726f7470
0x000070000f43db60:   0000000000000000 0000000000000000
0x000070000f43db70:   0000000000000000 0000000000000000
0x000070000f43db80:   0000000000000000 0000000000000000
0x000070000f43db90:   0000000000000000 0000000000000000
0x000070000f43dba0:   0000000000000000 0000000000000000
0x000070000f43dbb0:   0000000000000000 0000000000000000
0x000070000f43dbc0:   0000000000000000 0000000000000000
0x000070000f43dbd0:   0000000000000000 0000000000000000
0x000070000f43dbe0:   0000000000000000 0000000000000000
0x000070000f43dbf0:   0000000000000000 0000000000000000
0x000070000f43dc00:   0000000000000000 0000000000000000
0x000070000f43dc10:   0000000000000000 0000000000000000
0x000070000f43dc20:   0000000000000000 0000000000000000
0x000070000f43dc30:   0000000000000000 0000000000000000
0x000070000f43dc40:   0000000000000000 77fae617327d0035
0x000070000f43dc50:   000070000f43dce0 00000001067c4e95
0x000070000f43dc60:   000070000f43dc90 000000010c1bc2ff
0x000070000f43dc70:   000070000f43dcb0 00000001067bfa19
0x000070000f43dc80:   000070000f43dce0 00000001067c4e95
0x000070000f43dc90:   000070000f43dcb0 00000001067bbb71
0x000070000f43dca0:   00000001067c4e6e 00000001067c4e95
0x000070000f43dcb0:   000070000f43dd20 00000001067ab9c9
0x000070000f43dcc0:   0000000000000019 000070000f43dd00
0x000070000f43dcd0:   000000000002e501 0000000000004f03
0x000070000f43dce0:   0000020700000013 0000000000010900
0x000070000f43dcf0:   00007fccb3c26dc0 00007fccb481e800 

Instructions: (pc=0x00000001067bed68)
0x00000001067bed48:   5e 5d c3 55 48 89 e5 41 56 53 48 83 ec 20 85 ff
0x00000001067bed58:   0f 84 85 00 00 00 48 8b 05 33 18 01 00 48 8b 00
0x00000001067bed68:   48 8b 08 48 63 f7 48 8d 55 e8 48 89 c7 ff 91 68
0x00000001067bed78:   01 00 00 85 c0 74 5e 89 c3 89 df e8 66 ce fe ff 

Register to memory mapping:

RAX=0x0000000000000000 is an unknown value
RBX=0x000000010c1bd38a: dbgsysConnect+0x2fe in /Library/Java/JavaVirtualMachines/jdk1.8.0_101.jdk/Contents/Home/jre/lib/libdt_socket.dylib at 0x000000010c1bb000
RCX=0x0000000000000009 is an unknown value
RDX=0x000070000f43db49 is pointing into the stack for thread: 0x00007fccb481e800
RSP=0x000070000f43db00 is pointing into the stack for thread: 0x00007fccb481e800
RBP=0x000070000f43db30 is pointing into the stack for thread: 0x00007fccb481e800
RSI=0x000000000000f000 is an unknown value
RDI=0x0000000000000022 is an unknown value
R8 =0x000070000f43db49 is pointing into the stack for thread: 0x00007fccb481e800
R9 =0x0000000000000000 is an unknown value
R10=0x000000000000002e is an unknown value
R11=0x00007fffe348f9d6: pthread_getspecific+0 in /usr/lib/system/libsystem_pthread.dylib at 0x00007fffe348e000
R12=0x00000001067c4e7a: util_initialize+0x25dd in /Library/Java/JavaVirtualMachines/jdk1.8.0_101.jdk/Contents/Home/jre/lib/libjdwp.dylib at 0x000000010679d000
R13=0x00007fccb3c98b40 is an unknown value
R14=0x000000000000000a is an unknown value
R15=0x00000001067c3891: util_initialize+0xff4 in /Library/Java/JavaVirtualMachines/jdk1.8.0_101.jdk/Contents/Home/jre/lib/libjdwp.dylib at 0x000000010679d000


Stack: [0x000070000f33e000,0x000070000f43e000],  sp=0x000070000f43db00,  free space=1022k
Native frames: (J=compiled Java code, j=interpreted, Vv=VM code, C=native code)
C  [libjdwp.dylib+0x21d68]  jvmtiAllocate+0x1d
C  [libdt_socket.dylib+0x1792]  setLastError+0x87
C  [libdt_socket.dylib+0x12ff]  socketTransport_readPacket+0x67
C  [libjdwp.dylib+0x1eb71]  transport_receivePacket+0x1a
C  [libjdwp.dylib+0xe9c9]  reader+0x72
V  [libjvm.dylib+0x399438]  JvmtiAgentThread::call_start_function()+0x38
V  [libjvm.dylib+0x5695ab]  JavaThread::thread_main_inner()+0x9b
V  [libjvm.dylib+0x56ac98]  JavaThread::run()+0x1c2
V  [libjvm.dylib+0x48933a]  java_start(Thread*)+0xf6
C  [libsystem_pthread.dylib+0x393b]  _pthread_body+0xb4
C  [libsystem_pthread.dylib+0x3887]  _pthread_body+0x0
C  [libsystem_pthread.dylib+0x308d]  thread_start+0xd
C  0x0000000000000000


---------------  P R O C E S S  ---------------

Java Threads: ( => current thread )
  0x00007fccb6be4000 JavaThread "process reaper" daemon [_thread_blocked, id=5127, stack(0x000070000e288000,0x000070000e2b0000)]
  0x00007fccb7810000 JavaThread "Exec Stream Pumper" daemon [_thread_in_native, id=26371, stack(0x000070000fe8a000,0x000070000ff8a000)]
  0x00007fccb4267800 JavaThread "Exec Stream Pumper" daemon [_thread_in_native, id=25859, stack(0x000070000fd87000,0x000070000fe87000)]
  0x00007fccb42be800 JavaThread "process reaper" daemon [_thread_in_native, id=25347, stack(0x000070000fd5c000,0x000070000fd84000)]
  0x00007fccb42bd800 JavaThread "UrlChecker-2" daemon [_thread_blocked, id=24835, stack(0x000070000fc59000,0x000070000fd59000)]
  0x00007fccb6be7800 JavaThread "Exec Default Executor" daemon [_thread_blocked, id=24323, stack(0x000070000fb56000,0x000070000fc56000)]
  0x00007fccb481d000 JavaThread "Service Thread" daemon [_thread_blocked, id=22787, stack(0x000070000f84d000,0x000070000f94d000)]
  0x00007fccb6050000 JavaThread "C1 CompilerThread3" daemon [_thread_blocked, id=22275, stack(0x000070000f74a000,0x000070000f84a000)]
  0x00007fccb6047000 JavaThread "C2 CompilerThread2" daemon [_thread_blocked, id=21763, stack(0x000070000f647000,0x000070000f747000)]
  0x00007fccb6046800 JavaThread "C2 CompilerThread1" daemon [_thread_blocked, id=21251, stack(0x000070000f544000,0x000070000f644000)]
  0x00007fccb4820000 JavaThread "C2 CompilerThread0" daemon [_thread_blocked, id=20739, stack(0x000070000f441000,0x000070000f541000)]
=>0x00007fccb481e800 JavaThread "JDWP Command Reader" daemon [_thread_in_native, id=20227, stack(0x000070000f33e000,0x000070000f43e000)]
  0x00007fccb682e000 JavaThread "JDWP Event Helper Thread" daemon [_thread_blocked, id=19715, stack(0x000070000f23b000,0x000070000f33b000)]
  0x00007fccb481d800 JavaThread "JDWP Transport Listener: dt_socket" daemon [_thread_blocked, id=19203, stack(0x000070000f138000,0x000070000f238000)]
  0x00007fccb6042800 JavaThread "Signal Dispatcher" daemon [_thread_blocked, id=18691, stack(0x000070000f035000,0x000070000f135000)]
  0x00007fccb4819800 JavaThread "Finalizer" daemon [_thread_blocked, id=14595, stack(0x000070000ef32000,0x000070000f032000)]
  0x00007fccb4817000 JavaThread "Reference Handler" daemon [_thread_blocked, id=14083, stack(0x000070000ee2f000,0x000070000ef2f000)]
  0x00007fccb480a000 JavaThread "main" [_thread_blocked, id=7171, stack(0x000070000e411000,0x000070000e511000)]

Other Threads:
  0x00007fccb6036800 VMThread [stack: 0x000070000ed2c000,0x000070000ee2c000] [id=13571]

VM state:at safepoint (normal execution)

VM Mutex/Monitor currently owned by a thread:  ([mutex/lock_event])
[0x00007fccb3e01c70] Threads_lock - owner thread: 0x00007fccb6036800

Heap:
 PSYoungGen      total 76288K, used 63309K [0x000000076ab00000, 0x0000000770000000, 0x00000007c0000000)
  eden space 65536K, 96% used [0x000000076ab00000,0x000000076e8d3700,0x000000076eb00000)
  from space 10752K, 0% used [0x000000076f580000,0x000000076f580000,0x0000000770000000)
  to   space 10752K, 0% used [0x000000076eb00000,0x000000076eb00000,0x000000076f580000)
 ParOldGen       total 175104K, used 2133K [0x00000006c0000000, 0x00000006cab00000, 0x000000076ab00000)
  object space 175104K, 1% used [0x00000006c0000000,0x00000006c0215418,0x00000006cab00000)
 Metaspace       used 17581K, capacity 17928K, committed 18048K, reserved 1064960K
  class space    used 2227K, capacity 2357K, committed 2432K, reserved 1048576K

Card table byte_map: [0x0000000106ba8000,0x00000001073a9000] byte_map_base: 0x00000001035a8000

Marking Bits: (ParMarkBitMap*) 0x00000001060edd20
 Begin Bits: [0x000000011c26b000, 0x000000012026b000)
 End Bits:   [0x000000012026b000, 0x000000012426b000)

Polling page: 0x00000001047ba000

CodeCache: size=245760Kb used=4782Kb max_used=4782Kb free=240977Kb
 bounds [0x000000010d26b000, 0x000000010d72b000, 0x000000011c26b000]
 total_blobs=1791 nmethods=1397 adapters=315
 compilation: enabled

Compilation events (10 events):
Event: 25.756 Thread 0x00007fccb6050000 1406 %     3       sun.nio.cs.UTF_8$Encoder::encodeArrayLoop @ 73 (489 bytes)
Event: 25.772 Thread 0x00007fccb6050000 nmethod 1406% 0x000000010d7147d0 code [0x000000010d714de0, 0x000000010d7189c8]
Event: 25.772 Thread 0x00007fccb6050000 1407       1       org.testng.internal.ConstructorOrMethod::getMethod (5 bytes)
Event: 25.773 Thread 0x00007fccb6050000 nmethod 1407 0x000000010d711a90 code [0x000000010d711be0, 0x000000010d711cf0]
Event: 25.776 Thread 0x00007fccb6050000 1408       3       java.util.Hashtable$Enumerator::next (27 bytes)
Event: 25.777 Thread 0x00007fccb6050000 nmethod 1408 0x000000010d7114d0 code [0x000000010d711660, 0x000000010d711918]
Event: 25.781 Thread 0x00007fccb6050000 1409       1       java.util.Hashtable::access$400 (5 bytes)
Event: 25.781 Thread 0x00007fccb6050000 nmethod 1409 0x000000010d711210 code [0x000000010d711360, 0x000000010d711450]
Event: 25.789 Thread 0x00007fccb6050000 1410       1       java.util.logging.Logger::getName (5 bytes)
Event: 25.789 Thread 0x00007fccb6050000 nmethod 1410 0x000000010d710f50 code [0x000000010d7110a0, 0x000000010d7111b0]

GC Heap History (10 events):
Event: 2.721 GC heap before
{Heap before GC invocations=16 (full 8):
 PSYoungGen      total 76288K, used 192K [0x000000076ab00000, 0x0000000770000000, 0x00000007c0000000)
  eden space 65536K, 0% used [0x000000076ab00000,0x000000076ab00000,0x000000076eb00000)
  from space 10752K, 1% used [0x000000076f580000,0x000000076f5b0000,0x0000000770000000)
  to   space 10752K, 0% used [0x000000076eb00000,0x000000076eb00000,0x000000076f580000)
 ParOldGen       total 175104K, used 7142K [0x00000006c0000000, 0x00000006cab00000, 0x000000076ab00000)
  object space 175104K, 4% used [0x00000006c0000000,0x00000006c06f99f8,0x00000006cab00000)
 Metaspace       used 9443K, capacity 9590K, committed 9856K, reserved 1058816K
  class space    used 1076K, capacity 1107K, committed 1152K, reserved 1048576K
Event: 2.750 GC heap after
Heap after GC invocations=16 (full 8):
 PSYoungGen      total 76288K, used 0K [0x000000076ab00000, 0x0000000770000000, 0x00000007c0000000)
  eden space 65536K, 0% used [0x000000076ab00000,0x000000076ab00000,0x000000076eb00000)
  from space 10752K, 0% used [0x000000076f580000,0x000000076f580000,0x0000000770000000)
  to   space 10752K, 0% used [0x000000076eb00000,0x000000076eb00000,0x000000076f580000)
 ParOldGen       total 175104K, used 2063K [0x00000006c0000000, 0x00000006cab00000, 0x000000076ab00000)
  object space 175104K, 1% used [0x00000006c0000000,0x00000006c0203cc0,0x00000006cab00000)
 Metaspace       used 9443K, capacity 9590K, committed 9856K, reserved 1058816K
  class space    used 1076K, capacity 1107K, committed 1152K, reserved 1048576K
}
Event: 2.753 GC heap before
{Heap before GC invocations=17 (full 8):
 PSYoungGen      total 76288K, used 6431K [0x000000076ab00000, 0x0000000770000000, 0x00000007c0000000)
  eden space 65536K, 9% used [0x000000076ab00000,0x000000076b147f08,0x000000076eb00000)
  from space 10752K, 0% used [0x000000076f580000,0x000000076f580000,0x0000000770000000)
  to   space 10752K, 0% used [0x000000076eb00000,0x000000076eb00000,0x000000076f580000)
 ParOldGen       total 175104K, used 2063K [0x00000006c0000000, 0x00000006cab00000, 0x000000076ab00000)
  object space 175104K, 1% used [0x00000006c0000000,0x00000006c0203cc0,0x00000006cab00000)
 Metaspace       used 9444K, capacity 9590K, committed 9856K, reserved 1058816K
  class space    used 1076K, capacity 1107K, committed 1152K, reserved 1048576K
Event: 2.757 GC heap after
Heap after GC invocations=17 (full 8):
 PSYoungGen      total 76288K, used 5184K [0x000000076ab00000, 0x0000000770000000, 0x00000007c0000000)
  eden space 65536K, 0% used [0x000000076ab00000,0x000000076ab00000,0x000000076eb00000)
  from space 10752K, 48% used [0x000000076eb00000,0x000000076f010010,0x000000076f580000)
  to   space 10752K, 0% used [0x000000076f580000,0x000000076f580000,0x0000000770000000)
 ParOldGen       total 175104K, used 2063K [0x00000006c0000000, 0x00000006cab00000, 0x000000076ab00000)
  object space 175104K, 1% used [0x00000006c0000000,0x00000006c0203cc0,0x00000006cab00000)
 Metaspace       used 9444K, capacity 9590K, committed 9856K, reserved 1058816K
  class space    used 1076K, capacity 1107K, committed 1152K, reserved 1048576K
}
Event: 2.757 GC heap before
{Heap before GC invocations=18 (full 9):
 PSYoungGen      total 76288K, used 5184K [0x000000076ab00000, 0x0000000770000000, 0x00000007c0000000)
  eden space 65536K, 0% used [0x000000076ab00000,0x000000076ab00000,0x000000076eb00000)
  from space 10752K, 48% used [0x000000076eb00000,0x000000076f010010,0x000000076f580000)
  to   space 10752K, 0% used [0x000000076f580000,0x000000076f580000,0x0000000770000000)
 ParOldGen       total 175104K, used 2063K [0x00000006c0000000, 0x00000006cab00000, 0x000000076ab00000)
  object space 175104K, 1% used [0x00000006c0000000,0x00000006c0203cc0,0x00000006cab00000)
 Metaspace       used 9444K, capacity 9590K, committed 9856K, reserved 1058816K
  class space    used 1076K, capacity 1107K, committed 1152K, reserved 1048576K
Event: 2.790 GC heap after
Heap after GC invocations=18 (full 9):
 PSYoungGen      total 76288K, used 0K [0x000000076ab00000, 0x0000000770000000, 0x00000007c0000000)
  eden space 65536K, 0% used [0x000000076ab00000,0x000000076ab00000,0x000000076eb00000)
  from space 10752K, 0% used [0x000000076eb00000,0x000000076eb00000,0x000000076f580000)
  to   space 10752K, 0% used [0x000000076f580000,0x000000076f580000,0x0000000770000000)
 ParOldGen       total 175104K, used 7200K [0x00000006c0000000, 0x00000006cab00000, 0x000000076ab00000)
  object space 175104K, 4% used [0x00000006c0000000,0x00000006c07083a0,0x00000006cab00000)
 Metaspace       used 9444K, capacity 9590K, committed 9856K, reserved 1058816K
  class space    used 1076K, capacity 1107K, committed 1152K, reserved 1048576K
}
Event: 2.794 GC heap before
{Heap before GC invocations=19 (full 9):
 PSYoungGen      total 76288K, used 1310K [0x000000076ab00000, 0x0000000770000000, 0x00000007c0000000)
  eden space 65536K, 2% used [0x000000076ab00000,0x000000076ac47ba8,0x000000076eb00000)
  from space 10752K, 0% used [0x000000076eb00000,0x000000076eb00000,0x000000076f580000)
  to   space 10752K, 0% used [0x000000076f580000,0x000000076f580000,0x0000000770000000)
 ParOldGen       total 175104K, used 7200K [0x00000006c0000000, 0x00000006cab00000, 0x000000076ab00000)
  object space 175104K, 4% used [0x00000006c0000000,0x00000006c07083a0,0x00000006cab00000)
 Metaspace       used 9445K, capacity 9590K, committed 9856K, reserved 1058816K
  class space    used 1076K, capacity 1107K, committed 1152K, reserved 1048576K
Event: 2.796 GC heap after
Heap after GC invocations=19 (full 9):
 PSYoungGen      total 76288K, used 96K [0x000000076ab00000, 0x0000000770000000, 0x00000007c0000000)
  eden space 65536K, 0% used [0x000000076ab00000,0x000000076ab00000,0x000000076eb00000)
  from space 10752K, 0% used [0x000000076f580000,0x000000076f598000,0x0000000770000000)
  to   space 10752K, 0% used [0x000000076eb00000,0x000000076eb00000,0x000000076f580000)
 ParOldGen       total 175104K, used 7200K [0x00000006c0000000, 0x00000006cab00000, 0x000000076ab00000)
  object space 175104K, 4% used [0x00000006c0000000,0x00000006c07083a0,0x00000006cab00000)
 Metaspace       used 9445K, capacity 9590K, committed 9856K, reserved 1058816K
  class space    used 1076K, capacity 1107K, committed 1152K, reserved 1048576K
}
Event: 2.796 GC heap before
{Heap before GC invocations=20 (full 10):
 PSYoungGen      total 76288K, used 96K [0x000000076ab00000, 0x0000000770000000, 0x00000007c0000000)
  eden space 65536K, 0% used [0x000000076ab00000,0x000000076ab00000,0x000000076eb00000)
  from space 10752K, 0% used [0x000000076f580000,0x000000076f598000,0x0000000770000000)
  to   space 10752K, 0% used [0x000000076eb00000,0x000000076eb00000,0x000000076f580000)
 ParOldGen       total 175104K, used 7200K [0x00000006c0000000, 0x00000006cab00000, 0x000000076ab00000)
  object space 175104K, 4% used [0x00000006c0000000,0x00000006c07083a0,0x00000006cab00000)
 Metaspace       used 9445K, capacity 9590K, committed 9856K, reserved 1058816K
  class space    used 1076K, capacity 1107K, committed 1152K, reserved 1048576K
Event: 2.828 GC heap after
Heap after GC invocations=20 (full 10):
 PSYoungGen      total 76288K, used 0K [0x000000076ab00000, 0x0000000770000000, 0x00000007c0000000)
  eden space 65536K, 0% used [0x000000076ab00000,0x000000076ab00000,0x000000076eb00000)
  from space 10752K, 0% used [0x000000076f580000,0x000000076f580000,0x0000000770000000)
  to   space 10752K, 0% used [0x000000076eb00000,0x000000076eb00000,0x000000076f580000)
 ParOldGen       total 175104K, used 2133K [0x00000006c0000000, 0x00000006cab00000, 0x000000076ab00000)
  object space 175104K, 1% used [0x00000006c0000000,0x00000006c0215418,0x00000006cab00000)
 Metaspace       used 9445K, capacity 9590K, committed 9856K, reserved 1058816K
  class space    used 1076K, capacity 1107K, committed 1152K, reserved 1048576K
}

Deoptimization events (10 events):
Event: 4.483 Thread 0x00007fccb480a000 Uncommon trap: reason=range_check action=none pc=0x000000010d696bac method=sun.reflect.generics.parser.SignatureParser.current()C @ 34
Event: 4.924 Thread 0x00007fccb480a000 Uncommon trap: reason=unstable_if action=reinterpret pc=0x000000010d698ba8 method=java.util.regex.Pattern$BmpCharProperty.match(Ljava/util/regex/Matcher;ILjava/lang/CharSequence;)Z @ 34
Event: 5.104 Thread 0x00007fccb480a000 Uncommon trap: reason=unstable_if action=reinterpret pc=0x000000010d6655a4 method=java.util.concurrent.ConcurrentHashMap.putVal(Ljava/lang/Object;Ljava/lang/Object;Z)Ljava/lang/Object; @ 206
Event: 25.563 Thread 0x00007fccb480a000 Uncommon trap: reason=class_check action=maybe_recompile pc=0x000000010d6fc654 method=java.util.regex.Pattern$CharProperty.match(Ljava/util/regex/Matcher;ILjava/lang/CharSequence;)Z @ 18
Event: 25.563 Thread 0x00007fccb480a000 Uncommon trap: reason=class_check action=maybe_recompile pc=0x000000010d6fc654 method=java.util.regex.Pattern$CharProperty.match(Ljava/util/regex/Matcher;ILjava/lang/CharSequence;)Z @ 18
Event: 25.563 Thread 0x00007fccb480a000 Uncommon trap: reason=class_check action=maybe_recompile pc=0x000000010d6fc654 method=java.util.regex.Pattern$CharProperty.match(Ljava/util/regex/Matcher;ILjava/lang/CharSequence;)Z @ 18
Event: 25.564 Thread 0x00007fccb480a000 Uncommon trap: reason=class_check action=maybe_recompile pc=0x000000010d6fc654 method=java.util.regex.Pattern$CharProperty.match(Ljava/util/regex/Matcher;ILjava/lang/CharSequence;)Z @ 18
Event: 25.692 Thread 0x00007fccb480a000 Uncommon trap: reason=unstable_if action=reinterpret pc=0x000000010d6e05d4 method=java.util.regex.Pattern$Slice.match(Ljava/util/regex/Matcher;ILjava/lang/CharSequence;)Z @ 54
Event: 25.749 Thread 0x00007fccb480a000 Uncommon trap: reason=unstable_if action=reinterpret pc=0x000000010d669fe8 method=java.io.BufferedReader.readLine(Z)Ljava/lang/String; @ 22
Event: 25.749 Thread 0x00007fccb480a000 Uncommon trap: reason=unstable_if action=reinterpret pc=0x000000010d65f470 method=java.io.BufferedReader.readLine(Z)Ljava/lang/String; @ 22

Internal exceptions (10 events):
Event: 4.324 Thread 0x00007fccb480a000 Exception <a 'java/lang/NoSuchMethodError': java.lang.Object.lambda$or$2(Ljava/util/function/Predicate;Ljava/lang/Object;)Z> (0x000000076ca2c418) thrown at [/HUDSON3/workspace/8-2-build-macosx-x86_64/jdk8u101/7261/hotspot/src/share/vm/interpreter/linkReso
Event: 4.337 Thread 0x00007fccb480a000 Exception <a 'java/lang/ArrayIndexOutOfBoundsException': 56> (0x000000076ca43f70) thrown at [/HUDSON3/workspace/8-2-build-macosx-x86_64/jdk8u101/7261/hotspot/src/share/vm/interpreter/interpreterRuntime.cpp, line 366]
Event: 4.338 Thread 0x00007fccb480a000 Exception <a 'java/lang/ArrayIndexOutOfBoundsException': 40> (0x000000076ca44ec8) thrown at [/HUDSON3/workspace/8-2-build-macosx-x86_64/jdk8u101/7261/hotspot/src/share/vm/interpreter/interpreterRuntime.cpp, line 366]
Event: 4.375 Thread 0x00007fccb480a000 Exception <a 'java/lang/ArrayIndexOutOfBoundsException': 55> (0x000000076cb197c0) thrown at [/HUDSON3/workspace/8-2-build-macosx-x86_64/jdk8u101/7261/hotspot/src/share/vm/interpreter/interpreterRuntime.cpp, line 366]
Event: 4.483 Thread 0x00007fccb480a000 Exception <a 'java/lang/ArrayIndexOutOfBoundsException': 90> (0x000000076cef3a38) thrown at [/HUDSON3/workspace/8-2-build-macosx-x86_64/jdk8u101/7261/hotspot/src/share/vm/interpreter/interpreterRuntime.cpp, line 366]
Event: 4.483 Thread 0x00007fccb480a000 Exception <a 'java/lang/ArrayIndexOutOfBoundsException': 105> (0x000000076cef53a8) thrown at [/HUDSON3/workspace/8-2-build-macosx-x86_64/jdk8u101/7261/hotspot/src/share/vm/interpreter/interpreterRuntime.cpp, line 366]
Event: 4.596 Thread 0x00007fccb480a000 Exception <a 'java/lang/IncompatibleClassChangeError': Found class java.lang.Object, but interface was expected> (0x000000076cfc7038) thrown at [/HUDSON3/workspace/8-2-build-macosx-x86_64/jdk8u101/7261/hotspot/src/share/vm/interpreter/linkResolver.cpp, li
Event: 25.233 Thread 0x00007fccb480a000 Exception <a 'java/lang/NullPointerException'> (0x000000076dec1840) thrown at [/HUDSON3/workspace/8-2-build-macosx-x86_64/jdk8u101/7261/hotspot/src/share/vm/interpreter/linkResolver.cpp, line 1178]
Event: 25.391 Thread 0x00007fccb480a000 Exception <a 'java/lang/reflect/InvocationTargetException'> (0x000000076defc3a8) thrown at [/HUDSON3/workspace/8-2-build-macosx-x86_64/jdk8u101/7261/hotspot/src/share/vm/runtime/reflection.cpp, line 1092]
Event: 25.785 Thread 0x00007fccb407e000 Exception <a 'java/net/SocketException': Socket closed> (0x000000076e1044f8) thrown at [/HUDSON3/workspace/8-2-build-macosx-x86_64/jdk8u101/7261/hotspot/src/share/vm/prims/jni.cpp, line 735]

Events (10 events):
Event: 25.786 loading class java/util/IdentityHashMap$IdentityHashMapIterator
Event: 25.786 loading class java/util/IdentityHashMap$IdentityHashMapIterator done
Event: 25.786 loading class java/util/IdentityHashMap$KeyIterator done
Event: 25.787 Thread 0x00007fccb68f1000 Thread added: 0x00007fccb68f1000
Event: 25.787 Executing VM operation: RevokeBias
Event: 25.788 Executing VM operation: RevokeBias done
Event: 25.788 Executing VM operation: RevokeBias
Event: 25.788 Executing VM operation: RevokeBias done
Event: 25.789 Thread 0x00007fccb68f1000 Thread exited: 0x00007fccb68f1000
Event: 25.790 Executing VM operation: Exit


Dynamic libraries:
0x000000005814f000 	/System/Library/Frameworks/Cocoa.framework/Versions/A/Cocoa
0x000000005814f000 	/System/Library/Frameworks/Security.framework/Versions/A/Security
0x000000005814f000 	/System/Library/Frameworks/ApplicationServices.framework/Versions/A/ApplicationServices
0x000000005814f000 	/usr/lib/libz.1.dylib
0x000000005814f000 	/usr/lib/libSystem.B.dylib
0x000000005814f000 	/usr/lib/libobjc.A.dylib
0x000000005814f000 	/System/Library/Frameworks/CoreFoundation.framework/Versions/A/CoreFoundation
0x000000005814f000 	/System/Library/Frameworks/Foundation.framework/Versions/C/Foundation
0x000000005814f000 	/System/Library/Frameworks/AppKit.framework/Versions/C/AppKit
0x000000005814f000 	/System/Library/Frameworks/CoreData.framework/Versions/A/CoreData
0x000000005814f000 	/System/Library/PrivateFrameworks/RemoteViewServices.framework/Versions/A/RemoteViewServices
0x000000005814f000 	/System/Library/PrivateFrameworks/UIFoundation.framework/Versions/A/UIFoundation
0x000000005814f000 	/System/Library/PrivateFrameworks/DFRFoundation.framework/Versions/A/DFRFoundation
0x000000005814f000 	/usr/lib/libenergytrace.dylib
0x000000005814f000 	/System/Library/PrivateFrameworks/SkyLight.framework/Versions/A/SkyLight
0x000000005814f000 	/System/Library/Frameworks/CoreGraphics.framework/Versions/A/CoreGraphics
0x000000005814f000 	/usr/lib/libScreenReader.dylib
0x000000005814f000 	/System/Library/Frameworks/Accelerate.framework/Versions/A/Accelerate
0x000000005814f000 	/System/Library/Frameworks/IOSurface.framework/Versions/A/IOSurface
0x000000005814f000 	/System/Library/Frameworks/AudioToolbox.framework/Versions/A/AudioToolbox
0x000000005814f000 	/System/Library/Frameworks/AudioUnit.framework/Versions/A/AudioUnit
0x000000005814f000 	/System/Library/PrivateFrameworks/DataDetectorsCore.framework/Versions/A/DataDetectorsCore
0x000000005814f000 	/System/Library/PrivateFrameworks/DesktopServicesPriv.framework/Versions/A/DesktopServicesPriv
0x000000005814f000 	/System/Library/Frameworks/Carbon.framework/Versions/A/Frameworks/HIToolbox.framework/Versions/A/HIToolbox
0x000000005814f000 	/usr/lib/libicucore.A.dylib
0x000000005814f000 	/System/Library/Frameworks/QuartzCore.framework/Versions/A/QuartzCore
0x000000005814f000 	/System/Library/Frameworks/Carbon.framework/Versions/A/Frameworks/SpeechRecognition.framework/Versions/A/SpeechRecognition
0x000000005814f000 	/usr/lib/libauto.dylib
0x000000005814f000 	/usr/lib/libxml2.2.dylib
0x000000005814f000 	/System/Library/PrivateFrameworks/CoreUI.framework/Versions/A/CoreUI
0x000000005814f000 	/System/Library/Frameworks/CoreAudio.framework/Versions/A/CoreAudio
0x000000005814f000 	/System/Library/Frameworks/DiskArbitration.framework/Versions/A/DiskArbitration
0x000000005814f000 	/usr/lib/liblangid.dylib
0x000000005814f000 	/System/Library/PrivateFrameworks/MultitouchSupport.framework/Versions/A/MultitouchSupport
0x000000005814f000 	/System/Library/Frameworks/IOKit.framework/Versions/A/IOKit
0x000000005814f000 	/usr/lib/libDiagnosticMessagesClient.dylib
0x000000005814f000 	/System/Library/Frameworks/CoreServices.framework/Versions/A/CoreServices
0x000000005814f000 	/System/Library/PrivateFrameworks/PerformanceAnalysis.framework/Versions/A/PerformanceAnalysis
0x000000005814f000 	/System/Library/PrivateFrameworks/GenerationalStorage.framework/Versions/A/GenerationalStorage
0x000000005814f000 	/System/Library/Frameworks/OpenGL.framework/Versions/A/OpenGL
0x000000005814f000 	/System/Library/Frameworks/CoreImage.framework/Versions/A/CoreImage
0x000000005814f000 	/System/Library/Frameworks/CoreText.framework/Versions/A/CoreText
0x000000005814f000 	/System/Library/Frameworks/ImageIO.framework/Versions/A/ImageIO
0x000000005814f000 	/System/Library/PrivateFrameworks/Backup.framework/Versions/A/Backup
0x000000005814f000 	/usr/lib/libarchive.2.dylib
0x000000005814f000 	/System/Library/Frameworks/CFNetwork.framework/Versions/A/CFNetwork
0x000000005814f000 	/System/Library/Frameworks/SystemConfiguration.framework/Versions/A/SystemConfiguration
0x000000005814f000 	/usr/lib/libCRFSuite.dylib
0x000000005814f000 	/usr/lib/libc++.1.dylib
0x000000005814f000 	/usr/lib/libc++abi.dylib
0x000000005814f000 	/usr/lib/system/libcache.dylib
0x000000005814f000 	/usr/lib/system/libcommonCrypto.dylib
0x000000005814f000 	/usr/lib/system/libcompiler_rt.dylib
0x000000005814f000 	/usr/lib/system/libcopyfile.dylib
0x000000005814f000 	/usr/lib/system/libcorecrypto.dylib
0x000000005814f000 	/usr/lib/system/libdispatch.dylib
0x000000005814f000 	/usr/lib/system/libdyld.dylib
0x000000005814f000 	/usr/lib/system/libkeymgr.dylib
0x000000005814f000 	/usr/lib/system/liblaunch.dylib
0x000000005814f000 	/usr/lib/system/libmacho.dylib
0x000000005814f000 	/usr/lib/system/libquarantine.dylib
0x000000005814f000 	/usr/lib/system/libremovefile.dylib
0x000000005814f000 	/usr/lib/system/libsystem_asl.dylib
0x000000005814f000 	/usr/lib/system/libsystem_blocks.dylib
0x000000005814f000 	/usr/lib/system/libsystem_c.dylib
0x000000005814f000 	/usr/lib/system/libsystem_configuration.dylib
0x000000005814f000 	/usr/lib/system/libsystem_coreservices.dylib
0x000000005814f000 	/usr/lib/system/libsystem_coretls.dylib
0x000000005814f000 	/usr/lib/system/libsystem_dnssd.dylib
0x000000005814f000 	/usr/lib/system/libsystem_info.dylib
0x000000005814f000 	/usr/lib/system/libsystem_kernel.dylib
0x000000005814f000 	/usr/lib/system/libsystem_m.dylib
0x000000005814f000 	/usr/lib/system/libsystem_malloc.dylib
0x000000005814f000 	/usr/lib/system/libsystem_network.dylib
0x000000005814f000 	/usr/lib/system/libsystem_networkextension.dylib
0x000000005814f000 	/usr/lib/system/libsystem_notify.dylib
0x000000005814f000 	/usr/lib/system/libsystem_platform.dylib
0x000000005814f000 	/usr/lib/system/libsystem_pthread.dylib
0x000000005814f000 	/usr/lib/system/libsystem_sandbox.dylib
0x000000005814f000 	/usr/lib/system/libsystem_secinit.dylib
0x000000005814f000 	/usr/lib/system/libsystem_symptoms.dylib
0x000000005814f000 	/usr/lib/system/libsystem_trace.dylib
0x000000005814f000 	/usr/lib/system/libunwind.dylib
0x000000005814f000 	/usr/lib/system/libxpc.dylib
0x000000005814f000 	/usr/lib/libbsm.0.dylib
0x000000005814f000 	/usr/lib/system/libkxld.dylib
0x000000005814f000 	/usr/lib/libcoretls.dylib
0x000000005814f000 	/usr/lib/libcoretls_cfhelpers.dylib
0x000000005814f000 	/usr/lib/libOpenScriptingUtil.dylib
0x000000005814f000 	/usr/lib/libpam.2.dylib
0x000000005814f000 	/usr/lib/libsqlite3.dylib
0x000000005814f000 	/usr/lib/libxar.1.dylib
0x000000005814f000 	/usr/lib/libbz2.1.0.dylib
0x000000005814f000 	/usr/lib/liblzma.5.dylib
0x000000005814f000 	/usr/lib/libnetwork.dylib
0x000000005814f000 	/usr/lib/libpcap.A.dylib
0x000000005814f000 	/System/Library/Frameworks/CoreServices.framework/Versions/A/Frameworks/FSEvents.framework/Versions/A/FSEvents
0x000000005814f000 	/System/Library/Frameworks/CoreServices.framework/Versions/A/Frameworks/CarbonCore.framework/Versions/A/CarbonCore
0x000000005814f000 	/System/Library/Frameworks/CoreServices.framework/Versions/A/Frameworks/Metadata.framework/Versions/A/Metadata
0x000000005814f000 	/System/Library/Frameworks/CoreServices.framework/Versions/A/Frameworks/OSServices.framework/Versions/A/OSServices
0x000000005814f000 	/System/Library/Frameworks/CoreServices.framework/Versions/A/Frameworks/SearchKit.framework/Versions/A/SearchKit
0x000000005814f000 	/System/Library/Frameworks/CoreServices.framework/Versions/A/Frameworks/AE.framework/Versions/A/AE
0x000000005814f000 	/System/Library/Frameworks/CoreServices.framework/Versions/A/Frameworks/LaunchServices.framework/Versions/A/LaunchServices
0x000000005814f000 	/System/Library/Frameworks/CoreServices.framework/Versions/A/Frameworks/DictionaryServices.framework/Versions/A/DictionaryServices
0x000000005814f000 	/System/Library/Frameworks/CoreServices.framework/Versions/A/Frameworks/SharedFileList.framework/Versions/A/SharedFileList
0x000000005814f000 	/System/Library/Frameworks/NetFS.framework/Versions/A/NetFS
0x000000005814f000 	/System/Library/PrivateFrameworks/NetAuth.framework/Versions/A/NetAuth
0x000000005814f000 	/System/Library/PrivateFrameworks/login.framework/Versions/A/Frameworks/loginsupport.framework/Versions/A/loginsupport
0x000000005814f000 	/System/Library/PrivateFrameworks/TCC.framework/Versions/A/TCC
0x000000005814f000 	/usr/lib/libmecabra.dylib
0x000000005814f000 	/System/Library/Frameworks/ApplicationServices.framework/Versions/A/Frameworks/ATS.framework/Versions/A/ATS
0x000000005814f000 	/System/Library/Frameworks/ApplicationServices.framework/Versions/A/Frameworks/ColorSync.framework/Versions/A/ColorSync
0x000000005814f000 	/System/Library/Frameworks/ApplicationServices.framework/Versions/A/Frameworks/HIServices.framework/Versions/A/HIServices
0x000000005814f000 	/System/Library/Frameworks/ApplicationServices.framework/Versions/A/Frameworks/LangAnalysis.framework/Versions/A/LangAnalysis
0x000000005814f000 	/System/Library/Frameworks/ApplicationServices.framework/Versions/A/Frameworks/PrintCore.framework/Versions/A/PrintCore
0x000000005814f000 	/System/Library/Frameworks/ApplicationServices.framework/Versions/A/Frameworks/QD.framework/Versions/A/QD
0x000000005814f000 	/System/Library/Frameworks/ApplicationServices.framework/Versions/A/Frameworks/SpeechSynthesis.framework/Versions/A/SpeechSynthesis
0x000000005814f000 	/System/Library/Frameworks/Accelerate.framework/Versions/A/Frameworks/vImage.framework/Versions/A/vImage
0x000000005814f000 	/System/Library/Frameworks/Accelerate.framework/Versions/A/Frameworks/vecLib.framework/Versions/A/vecLib
0x000000005814f000 	/System/Library/Frameworks/Accelerate.framework/Versions/A/Frameworks/vecLib.framework/Versions/A/libvDSP.dylib
0x000000005814f000 	/System/Library/Frameworks/Accelerate.framework/Versions/A/Frameworks/vecLib.framework/Versions/A/libBNNS.dylib
0x000000005814f000 	/System/Library/Frameworks/Accelerate.framework/Versions/A/Frameworks/vecLib.framework/Versions/A/libQuadrature.dylib
0x000000005814f000 	/System/Library/Frameworks/Accelerate.framework/Versions/A/Frameworks/vecLib.framework/Versions/A/libvMisc.dylib
0x000000005814f000 	/System/Library/Frameworks/Accelerate.framework/Versions/A/Frameworks/vecLib.framework/Versions/A/libLAPACK.dylib
0x000000005814f000 	/System/Library/Frameworks/Accelerate.framework/Versions/A/Frameworks/vecLib.framework/Versions/A/libBLAS.dylib
0x000000005814f000 	/System/Library/Frameworks/Accelerate.framework/Versions/A/Frameworks/vecLib.framework/Versions/A/libLinearAlgebra.dylib
0x000000005814f000 	/System/Library/Frameworks/Accelerate.framework/Versions/A/Frameworks/vecLib.framework/Versions/A/libSparseBLAS.dylib
0x000000005814f000 	/System/Library/Frameworks/ApplicationServices.framework/Versions/A/Frameworks/ATS.framework/Versions/A/Resources/libFontParser.dylib
0x000000005814f000 	/System/Library/Frameworks/ApplicationServices.framework/Versions/A/Frameworks/ATS.framework/Versions/A/Resources/libFontRegistry.dylib
0x000000005814f000 	/System/Library/Frameworks/ImageIO.framework/Versions/A/Resources/libJPEG.dylib
0x000000005814f000 	/System/Library/Frameworks/ImageIO.framework/Versions/A/Resources/libTIFF.dylib
0x000000005814f000 	/System/Library/Frameworks/ImageIO.framework/Versions/A/Resources/libPng.dylib
0x000000005814f000 	/System/Library/Frameworks/ImageIO.framework/Versions/A/Resources/libGIF.dylib
0x000000005814f000 	/System/Library/Frameworks/ImageIO.framework/Versions/A/Resources/libJP2.dylib
0x000000005814f000 	/System/Library/Frameworks/ImageIO.framework/Versions/A/Resources/libRadiance.dylib
0x000000005814f000 	/usr/lib/libcompression.dylib
0x000000005814f000 	/System/Library/PrivateFrameworks/AppleJPEG.framework/Versions/A/AppleJPEG
0x000000005814f000 	/usr/lib/libcups.2.dylib
0x000000005814f000 	/System/Library/Frameworks/Kerberos.framework/Versions/A/Kerberos
0x000000005814f000 	/System/Library/Frameworks/GSS.framework/Versions/A/GSS
0x000000005814f000 	/usr/lib/libresolv.9.dylib
0x000000005814f000 	/usr/lib/libiconv.2.dylib
0x000000005814f000 	/System/Library/PrivateFrameworks/Heimdal.framework/Versions/A/Heimdal
0x000000005814f000 	/usr/lib/libheimdal-asn1.dylib
0x000000005814f000 	/System/Library/Frameworks/OpenDirectory.framework/Versions/A/OpenDirectory
0x000000005814f000 	/System/Library/PrivateFrameworks/CommonAuth.framework/Versions/A/CommonAuth
0x000000005814f000 	/System/Library/Frameworks/OpenDirectory.framework/Versions/A/Frameworks/CFOpenDirectory.framework/Versions/A/CFOpenDirectory
0x000000005814f000 	/System/Library/Frameworks/SecurityFoundation.framework/Versions/A/SecurityFoundation
0x000000005814f000 	/System/Library/PrivateFrameworks/LanguageModeling.framework/Versions/A/LanguageModeling
0x000000005814f000 	/usr/lib/libmarisa.dylib
0x000000005814f000 	/usr/lib/libChineseTokenizer.dylib
0x000000005814f000 	/usr/lib/libcmph.dylib
0x000000005814f000 	/System/Library/PrivateFrameworks/CoreEmoji.framework/Versions/A/CoreEmoji
0x000000005814f000 	/System/Library/Frameworks/ServiceManagement.framework/Versions/A/ServiceManagement
0x000000005814f000 	/usr/lib/libxslt.1.dylib
0x000000005814f000 	/System/Library/Frameworks/Carbon.framework/Versions/A/Frameworks/Ink.framework/Versions/A/Ink
0x000000005814f000 	/System/Library/PrivateFrameworks/TextureIO.framework/Versions/A/TextureIO
0x000000005814f000 	/System/Library/Frameworks/Metal.framework/Versions/A/Metal
0x000000005814f000 	/usr/lib/libate.dylib
0x000000005814f000 	/System/Library/PrivateFrameworks/GPUCompiler.framework/libmetal_timestamp.dylib
0x000000005814f000 	/System/Library/Frameworks/OpenGL.framework/Versions/A/Libraries/libCoreFSCache.dylib
0x000000005814f000 	/System/Library/PrivateFrameworks/IOAccelerator.framework/Versions/A/IOAccelerator
0x000000005814f000 	/System/Library/Frameworks/CoreVideo.framework/Versions/A/CoreVideo
0x000000005814f000 	/usr/lib/libFosl_dynamic.dylib
0x000000005814f000 	/System/Library/PrivateFrameworks/MetalPerformanceShaders.framework/Versions/A/MetalPerformanceShaders
0x000000005814f000 	/System/Library/PrivateFrameworks/FaceCore.framework/Versions/A/FaceCore
0x000000005814f000 	/System/Library/Frameworks/OpenCL.framework/Versions/A/OpenCL
0x000000005814f000 	/System/Library/Frameworks/OpenGL.framework/Versions/A/Libraries/libGLU.dylib
0x000000005814f000 	/System/Library/Frameworks/OpenGL.framework/Versions/A/Libraries/libGFXShared.dylib
0x000000005814f000 	/System/Library/Frameworks/OpenGL.framework/Versions/A/Libraries/libGL.dylib
0x000000005814f000 	/System/Library/Frameworks/OpenGL.framework/Versions/A/Libraries/libGLImage.dylib
0x000000005814f000 	/System/Library/Frameworks/OpenGL.framework/Versions/A/Libraries/libCVMSPluginSupport.dylib
0x000000005814f000 	/System/Library/Frameworks/OpenGL.framework/Versions/A/Libraries/libCoreVMClient.dylib
0x000000005814f000 	/System/Library/PrivateFrameworks/CrashReporterSupport.framework/Versions/A/CrashReporterSupport
0x000000005814f000 	/System/Library/PrivateFrameworks/Sharing.framework/Versions/A/Sharing
0x000000005814f000 	/System/Library/PrivateFrameworks/IconServices.framework/Versions/A/IconServices
0x000000005814f000 	/System/Library/PrivateFrameworks/ProtocolBuffer.framework/Versions/A/ProtocolBuffer
0x000000005814f000 	/System/Library/PrivateFrameworks/Apple80211.framework/Versions/A/Apple80211
0x000000005814f000 	/System/Library/Frameworks/CoreWLAN.framework/Versions/A/CoreWLAN
0x000000005814f000 	/System/Library/PrivateFrameworks/CoreUtils.framework/Versions/A/CoreUtils
0x000000005814f000 	/System/Library/Frameworks/IOBluetooth.framework/Versions/A/IOBluetooth
0x000000005814f000 	/System/Library/PrivateFrameworks/CoreWiFi.framework/Versions/A/CoreWiFi
0x000000005814f000 	/System/Library/Frameworks/CoreBluetooth.framework/Versions/A/CoreBluetooth
0x000000005814f000 	/System/Library/Frameworks/CoreDisplay.framework/Versions/A/CoreDisplay
0x000000005814f000 	/System/Library/PrivateFrameworks/IOPresentment.framework/Versions/A/IOPresentment
0x000000005814f000 	/System/Library/PrivateFrameworks/DSExternalDisplay.framework/Versions/A/DSExternalDisplay
0x000000005814f000 	/System/Library/PrivateFrameworks/DebugSymbols.framework/Versions/A/DebugSymbols
0x000000005814f000 	/System/Library/PrivateFrameworks/CoreSymbolication.framework/Versions/A/CoreSymbolication
0x000000005814f000 	/System/Library/PrivateFrameworks/Symbolication.framework/Versions/A/Symbolication
0x000000005814f000 	/System/Library/PrivateFrameworks/AppleFSCompression.framework/Versions/A/AppleFSCompression
0x000000005814f000 	/System/Library/PrivateFrameworks/SpeechRecognitionCore.framework/Versions/A/SpeechRecognitionCore
0x000000005814f000 	/System/Library/PrivateFrameworks/ChunkingLibrary.framework/Versions/A/ChunkingLibrary
0x0000000105800000 	/Library/Java/JavaVirtualMachines/jdk1.8.0_101.jdk/Contents/Home/jre/lib/server/libjvm.dylib
0x000000005814f000 	/usr/lib/libstdc++.6.dylib
0x0000000104777000 	/Library/Java/JavaVirtualMachines/jdk1.8.0_101.jdk/Contents/Home/jre/lib/libverify.dylib
0x0000000104785000 	/Library/Java/JavaVirtualMachines/jdk1.8.0_101.jdk/Contents/Home/jre/lib/libjava.dylib
0x000000010679d000 	/Library/Java/JavaVirtualMachines/jdk1.8.0_101.jdk/Contents/Home/jre/lib/libjdwp.dylib
0x00000001047bb000 	/Library/Java/JavaVirtualMachines/jdk1.8.0_101.jdk/Contents/Home/jre/lib/libnpt.dylib
0x00000001047c8000 	/Library/Java/JavaVirtualMachines/jdk1.8.0_101.jdk/Contents/Home/jre/lib/libzip.dylib
0x000000010a876000 	/System/Library/Frameworks/JavaVM.framework/Frameworks/JavaRuntimeSupport.framework/JavaRuntimeSupport
0x000000010a890000 	/System/Library/Frameworks/JavaVM.framework/Versions/A/Frameworks/JavaNativeFoundation.framework/Versions/A/JavaNativeFoundation
0x000000010a8a5000 	/System/Library/Frameworks/JavaVM.framework/Versions/A/JavaVM
0x000000005814f000 	/System/Library/Frameworks/Carbon.framework/Versions/A/Carbon
0x000000010a8b2000 	/System/Library/PrivateFrameworks/JavaLaunching.framework/Versions/A/JavaLaunching
0x000000005814f000 	/System/Library/Frameworks/Carbon.framework/Versions/A/Frameworks/CommonPanels.framework/Versions/A/CommonPanels
0x000000005814f000 	/System/Library/Frameworks/Carbon.framework/Versions/A/Frameworks/Help.framework/Versions/A/Help
0x000000005814f000 	/System/Library/Frameworks/Carbon.framework/Versions/A/Frameworks/ImageCapture.framework/Versions/A/ImageCapture
0x000000005814f000 	/System/Library/Frameworks/Carbon.framework/Versions/A/Frameworks/OpenScripting.framework/Versions/A/OpenScripting
0x000000005814f000 	/System/Library/Frameworks/Carbon.framework/Versions/A/Frameworks/Print.framework/Versions/A/Print
0x000000005814f000 	/System/Library/Frameworks/Carbon.framework/Versions/A/Frameworks/SecurityHI.framework/Versions/A/SecurityHI
0x000000010c1bb000 	/Library/Java/JavaVirtualMachines/jdk1.8.0_101.jdk/Contents/Home/jre/lib/libdt_socket.dylib
0x000000010c6a2000 	/Library/Java/JavaVirtualMachines/jdk1.8.0_101.jdk/Contents/Home/jre/lib/libnet.dylib
0x000000010c7d6000 	/Library/Java/JavaVirtualMachines/jdk1.8.0_101.jdk/Contents/Home/jre/lib/libsunec.dylib
0x000000010c846000 	/Library/Java/JavaVirtualMachines/jdk1.8.0_101.jdk/Contents/Home/jre/lib/libnio.dylib

VM Arguments:
jvm_args: -agentlib:jdwp=transport=dt_socket,suspend=y,address=localhost:52741 -ea -Dfile.encoding=UTF-8 
java_command: org.testng.remote.RemoteTestNG -serport 52740 -protocol json -d /Users/muhammadmohinuddin/Documents/SeleniumWorkSpace/SeleniumEndToEnd/test-output /var/folders/7n/2wc768yx2_573zf2yx3h0qvw0000gn/T/testng-eclipse-1347034691/testng-customsuite.xml
java_class_path (initial): /Applications/Eclipse.app/Contents/Eclipse/configuration/org.eclipse.osgi/946/0/.cp/lib/testng-remote.jar:/Users/muhammadmohinuddin/Documents/SeleniumWorkSpace/SeleniumEndToEnd/bin:/Users/muhammadmohinuddin/.p2/pool/plugins/org.testng_6.12.0.r201709030044.jar:/Users/muhammadmohinuddin/.p2/pool/plugins/com.beust.jcommander_1.66.0.jar:/Users/muhammadmohinuddin/.p2/pool/plugins/org.apache-extras.beanshell.bsh_2.0.0.b6.jar:/Users/muhammadmohinuddin/.p2/pool/plugins/org.yaml.snakeyaml_1.17.0.jar:/Users/muhammadmohinuddin/.p2/pool/plugins/org.junit_4.12.0.v201504281640/junit.jar:/Users/muhammadmohinuddin/.p2/pool/plugins/org.hamcrest.core_1.3.0.v201303031735.jar:/Users/muhammadmohinuddin/Documents/Selenium/Jaargo/cucumber-junit-1.2.5.jar:/Users/muhammadmohinuddin/Documents/Selenium/Jaargo/hamcrest-core-1.3.jar:/Users/muhammadmohinuddin/Documents/Selenium/Jaargo/junit-4.12.jar:/Users/muhammadmohinuddin/Documents/Selenium/Jaargo/cucumber-core-2.0.1.jar:/Users/muhammadmohinuddin/Documents/Selenium/Jaargo/cucumber-html-0.2.6.jar:/Users/muhammadmohinuddin/Documents/Selenium/Jaargo/cucumber-java-2.0.1.jar:/Users/muhammadmohinuddin/Documents/Selenium/Jaargo/cucumber-jvm-deps-1.0.6.jar:/Users/muhammadmohinuddin/Documents/Selenium/Jaargo/gherkin-4.1.3.jar:/Users/muhammadmohinuddin/Documents/Selenium/Jaargo/tag-expressions-1.0.1.jar:/Users/muhammadmohinuddin/Documents/Selenium/Jaargo/analysis-1.3.0.jar:/Users/muhammadmohinuddin/Documents/Selenium/Jaargo/asciidoctorj-1.5.4.1.jar:/Users/muhammadmohinuddin/Documents/Selenium/Jaargo/asm-5.2.jar:/Users/muhammadmohinuddin/Documents/Selenium/Jaargo/asm-analysis-5.2.jar:/Users/muhammadmohinuddin/Documents/Selenium/Jaargo/asm-commons-5.2.jar:/Users/muhammadmohinuddin/Documents/Selenium/Jaargo/asm-tree-5.2.jar:/Users/muhammadmohinuddin/Documents/Selenium/Jaargo/asm-util-5.2.jar:/Users/muhammadmohinuddin/Documents/Selenium/Jaargo/byte-buddy-1.7.5.jar:/Users/muhammadmohinuddin/Documents/Selenium/Jaargo/bytelist-1.0
Launcher Type: SUN_STANDARD

Environment Variables:
PATH=/usr/bin:/bin:/usr/sbin:/sbin
SHELL=/bin/bash

Signal Handlers:
SIGSEGV: [libjvm.dylib+0x5af145], sa_mask[0]=11111111011111110111111111111111, sa_flags=SA_ONSTACK|SA_RESTART|SA_SIGINFO
SIGBUS: [libjvm.dylib+0x5af145], sa_mask[0]=11111111011111110111111111111111, sa_flags=SA_RESTART|SA_SIGINFO
SIGFPE: [libjvm.dylib+0x48694c], sa_mask[0]=11111111011111110111111111111111, sa_flags=SA_RESTART|SA_SIGINFO
SIGPIPE: [libjvm.dylib+0x48694c], sa_mask[0]=11111111011111110111111111111111, sa_flags=SA_RESTART|SA_SIGINFO
SIGXFSZ: [libjvm.dylib+0x48694c], sa_mask[0]=11111111011111110111111111111111, sa_flags=SA_RESTART|SA_SIGINFO
SIGILL: [libjvm.dylib+0x48694c], sa_mask[0]=11111111011111110111111111111111, sa_flags=SA_RESTART|SA_SIGINFO
SIGUSR1: SIG_DFL, sa_mask[0]=00000000000000000000000000000000, sa_flags=none
SIGUSR2: [libjvm.dylib+0x48646a], sa_mask[0]=00100000000000000000000000000000, sa_flags=SA_RESTART|SA_SIGINFO
SIGHUP: [libjvm.dylib+0x484a41], sa_mask[0]=11111111011111110111111111111111, sa_flags=SA_RESTART|SA_SIGINFO
SIGINT: [libjvm.dylib+0x484a41], sa_mask[0]=11111111011111110111111111111111, sa_flags=SA_RESTART|SA_SIGINFO
SIGTERM: [libjvm.dylib+0x484a41], sa_mask[0]=11111111011111110111111111111111, sa_flags=SA_RESTART|SA_SIGINFO
SIGQUIT: [libjvm.dylib+0x484a41], sa_mask[0]=11111111011111110111111111111111, sa_flags=SA_RESTART|SA_SIGINFO


---------------  S Y S T E M  ---------------

OS:Bsduname:Darwin 16.7.0 Darwin Kernel Version 16.7.0: Thu Jun 15 17:36:27 PDT 2017; root:xnu-3789.70.16~2/RELEASE_X86_64 x86_64
rlimit: STACK 8192k, CORE 0k, NPROC 709, NOFILE 10240, AS infinity
load average:2.93 2.13 1.87

CPU:total 8 (4 cores per cpu, 2 threads per core) family 6 model 42 stepping 7, cmov, cx8, fxsr, mmx, sse, sse2, sse3, ssse3, sse4.1, sse4.2, popcnt, avx, aes, clmul, ht, tsc, tscinvbit

Memory: 4k page, physical 16777216k(444496k free)

/proc/meminfo:


vm_info: Java HotSpot(TM) 64-Bit Server VM (25.101-b13) for bsd-amd64 JRE (1.8.0_101-b13), built on Jun 22 2016 02:42:15 by "java_re" with gcc 4.2.1 (Based on Apple Inc. build 5658) (LLVM build 2336.11.00)

time: Fri Nov 17 11:33:01 2017
elapsed time: 25 seconds (0d 0h 0m 25s)

